{"meta": {"version": "7.2.7", "timestamp": "2023-08-10T12:17:03.797992", "branch_coverage": false, "show_contexts": false}, "files": {"src/noetherpy/__init__.py": {"executed_lines": [1, 3, 4], "summary": {"covered_lines": 2, "num_statements": 2, "percent_covered": 100.0, "percent_covered_display": "100", "missing_lines": 0, "excluded_lines": 0}, "missing_lines": [], "excluded_lines": []}, "src/noetherpy/group_theory/__init__.py": {"executed_lines": [1, 3, 4, 5, 6, 8, 9, 10], "summary": {"covered_lines": 7, "num_statements": 7, "percent_covered": 100.0, "percent_covered_display": "100", "missing_lines": 0, "excluded_lines": 0}, "missing_lines": [], "excluded_lines": []}, "src/noetherpy/group_theory/common_groups/__init__.py": {"executed_lines": [1, 3, 4, 5, 6, 7], "summary": {"covered_lines": 5, "num_statements": 5, "percent_covered": 100.0, "percent_covered_display": "100", "missing_lines": 0, "excluded_lines": 0}, "missing_lines": [], "excluded_lines": []}, "src/noetherpy/group_theory/common_groups/cyclic_groups.py": {"executed_lines": [1, 3, 4, 7, 24, 29, 30, 32, 35, 36, 37], "summary": {"covered_lines": 10, "num_statements": 13, "percent_covered": 76.92307692307692, "percent_covered_display": "77", "missing_lines": 3, "excluded_lines": 0}, "missing_lines": [25, 31, 33], "excluded_lines": []}, "src/noetherpy/group_theory/common_groups/finite_abelian_groups.py": {"executed_lines": [1, 2, 4, 5, 8, 27, 30], "summary": {"covered_lines": 6, "num_statements": 6, "percent_covered": 100.0, "percent_covered_display": "100", "missing_lines": 0, "excluded_lines": 0}, "missing_lines": [], "excluded_lines": []}, "src/noetherpy/group_theory/common_groups/matrix_groups.py": {"executed_lines": [1, 3, 4, 5, 7, 8, 10, 13, 20, 30, 31, 34, 35, 36, 37, 40, 53, 54, 57, 65, 66, 67, 72, 73, 74, 75, 76, 77, 78, 83, 84, 87, 90, 91, 94, 97, 104, 115, 125, 126, 129, 139, 140, 141, 144, 163, 183, 193, 194, 195, 198, 214, 233, 255, 257, 260, 268, 269, 270, 275, 276, 277, 280, 290, 291, 292, 293], "summary": {"covered_lines": 66, "num_statements": 91, "percent_covered": 72.52747252747253, "percent_covered_display": "73", "missing_lines": 25, "excluded_lines": 0}, "missing_lines": [107, 154, 155, 156, 160, 173, 174, 175, 176, 180, 208, 209, 210, 211, 224, 225, 226, 227, 230, 244, 245, 246, 247, 248, 252], "excluded_lines": []}, "src/noetherpy/group_theory/common_groups/misc_groups.py": {"executed_lines": [1, 4, 6, 13, 14, 17, 38, 65, 79, 82, 83, 85, 88, 91, 92, 93, 96, 114, 136], "summary": {"covered_lines": 18, "num_statements": 53, "percent_covered": 33.9622641509434, "percent_covered_display": "34", "missing_lines": 35, "excluded_lines": 0}, "missing_lines": [29, 30, 32, 33, 34, 35, 51, 52, 54, 55, 57, 58, 59, 60, 62, 80, 86, 87, 89, 90, 105, 106, 107, 110, 111, 123, 124, 125, 132, 133, 145, 146, 147, 154, 155], "excluded_lines": []}, "src/noetherpy/group_theory/common_groups/permutation_groups.py": {"executed_lines": [1, 3, 5, 8, 11, 26, 30, 33, 34, 36, 37, 38, 40, 41, 42, 45, 48], "summary": {"covered_lines": 16, "num_statements": 31, "percent_covered": 51.61290322580645, "percent_covered_display": "52", "missing_lines": 15, "excluded_lines": 0}, "missing_lines": [27, 31, 63, 65, 66, 69, 70, 72, 73, 75, 76, 81, 82, 83, 84], "excluded_lines": []}, "src/noetherpy/group_theory/constructions/__init__.py": {"executed_lines": [1, 3, 4, 5, 6, 7], "summary": {"covered_lines": 5, "num_statements": 5, "percent_covered": 100.0, "percent_covered_display": "100", "missing_lines": 0, "excluded_lines": 0}, "missing_lines": [], "excluded_lines": []}, "src/noetherpy/group_theory/constructions/automorphism_groups.py": {"executed_lines": [1, 6, 7, 8, 10, 15, 18, 27, 33, 41, 48, 63, 76, 101, 123, 211], "summary": {"covered_lines": 15, "num_statements": 88, "percent_covered": 17.045454545454547, "percent_covered_display": "17", "missing_lines": 73, "excluded_lines": 0}, "missing_lines": [19, 20, 23, 24, 28, 29, 30, 34, 35, 36, 37, 38, 42, 43, 44, 45, 51, 52, 53, 54, 57, 59, 60, 64, 67, 70, 79, 82, 87, 92, 98, 103, 109, 110, 115, 116, 117, 120, 153, 155, 156, 161, 162, 164, 165, 166, 170, 171, 174, 176, 183, 184, 185, 188, 194, 198, 204, 206, 207, 208, 217, 218, 219, 222, 223, 225, 226, 230, 231, 232, 235, 236, 238], "excluded_lines": []}, "src/noetherpy/group_theory/constructions/products.py": {"executed_lines": [1, 8, 9, 11, 14, 16, 17, 22, 34, 37, 40, 43, 46, 55, 61, 64, 67, 75, 76, 83, 87], "summary": {"covered_lines": 19, "num_statements": 47, "percent_covered": 40.42553191489362, "percent_covered_display": "40", "missing_lines": 28, "excluded_lines": 0}, "missing_lines": [27, 28, 29, 32, 35, 38, 41, 44, 47, 48, 49, 53, 56, 62, 65, 68, 69, 70, 71, 72, 73, 78, 79, 80, 81, 84, 103, 107], "excluded_lines": []}, "src/noetherpy/group_theory/constructions/subgroup_constructions.py": {"executed_lines": [1, 4, 7, 8, 14, 27, 29, 30, 31, 32, 33, 34, 35, 36, 37, 38, 39, 42, 55, 57, 58, 59, 60, 61, 62, 63, 64, 65, 66, 67, 70, 91, 106], "summary": {"covered_lines": 32, "num_statements": 42, "percent_covered": 76.19047619047619, "percent_covered_display": "76", "missing_lines": 10, "excluded_lines": 0}, "missing_lines": [28, 56, 84, 85, 86, 101, 117, 118, 119, 120], "excluded_lines": []}, "src/noetherpy/group_theory/constructions/subgroup_series.py": {"executed_lines": [1, 6, 12, 18, 19, 20, 21, 22, 23, 24, 25, 28, 34, 35, 36, 37, 38, 39, 40, 43, 46, 69, 76, 78, 81, 88], "summary": {"covered_lines": 25, "num_statements": 34, "percent_covered": 73.52941176470588, "percent_covered_display": "74", "missing_lines": 9, "excluded_lines": 0}, "missing_lines": [52, 53, 54, 55, 56, 57, 58, 66, 77], "excluded_lines": []}, "src/noetherpy/group_theory/constructions/sylow.py": {"executed_lines": [1, 3, 5, 9, 16, 58, 71], "summary": {"covered_lines": 6, "num_statements": 38, "percent_covered": 15.789473684210526, "percent_covered_display": "16", "missing_lines": 32, "excluded_lines": 0}, "missing_lines": [30, 31, 32, 33, 34, 36, 38, 39, 41, 42, 43, 44, 45, 46, 47, 48, 49, 50, 51, 53, 55, 68, 85, 86, 87, 88, 90, 91, 92, 93, 94, 96], "excluded_lines": []}, "src/noetherpy/group_theory/group_actions.py": {"executed_lines": [1, 3, 10, 13, 19, 20, 22, 25, 26, 27, 30, 31, 32, 33, 34, 36, 43, 44, 45, 46, 47, 55, 57, 68, 74, 75, 76, 77, 79, 80, 82, 83, 84, 87, 95, 96, 103, 105, 107, 108, 110, 111, 112, 115, 117, 122, 123, 125, 126, 127, 130, 132, 137, 138, 140, 141, 142], "summary": {"covered_lines": 55, "num_statements": 65, "percent_covered": 84.61538461538461, "percent_covered_display": "85", "missing_lines": 10, "excluded_lines": 0}, "missing_lines": [66, 85, 89, 98, 99, 100, 101, 113, 128, 143], "excluded_lines": []}, "src/noetherpy/group_theory/group_elements.py": {"executed_lines": [1, 3, 4, 5, 7, 8, 9, 10, 13, 14, 20, 21, 28, 29, 35, 36, 38, 39, 40, 41, 42, 44, 49, 50, 52, 53, 60, 68, 69, 73, 77, 78, 79, 80, 82, 84, 85, 87, 88, 90, 91, 93, 99, 102, 104, 111, 114, 115, 133, 134, 135, 136, 137, 138, 139, 140, 143, 145, 156, 157, 159, 160, 162, 163, 164, 165, 166, 167, 169, 172, 173, 175, 185, 186, 187, 188, 190, 192, 200, 201, 208, 209, 212, 213, 221, 222, 223, 225, 226, 227, 229, 239, 248, 249, 257, 266, 267, 275, 284, 285, 293, 304, 305, 312, 320, 323, 326, 329, 338, 341, 344, 349, 356, 363, 367, 368, 386, 387, 388, 391, 392, 393, 394, 395, 397, 400, 401, 403, 409, 410, 412, 413, 415, 416, 418, 419, 422, 424, 425, 426, 431, 432, 433, 434, 435, 437, 452, 453, 454, 455, 456, 457, 458, 460, 475, 476, 478, 479, 480, 481, 482, 483, 484, 485, 486, 487, 488, 490, 492, 507, 509, 510, 536, 537, 539, 540, 541, 542, 544, 545, 547, 548, 549, 552, 553, 555, 556, 557, 560, 561, 562, 563, 564, 565, 566, 568, 569, 571, 572, 573, 576, 577, 579, 580, 581, 582, 583, 584, 585, 586, 589, 599, 601, 610, 611, 612, 614, 620, 622, 636, 637, 638, 639, 640, 641, 644, 645, 663, 664, 665, 666, 667, 669, 671, 675, 676, 678, 681, 682, 684, 687, 690, 697, 705, 706, 716, 717, 723, 724, 742, 743, 744, 746, 758, 759, 760, 761, 763, 765, 768, 769, 771, 772, 774, 777, 778, 780, 781, 783, 784, 785, 787, 788, 790, 791, 793, 796, 797], "summary": {"covered_lines": 266, "num_statements": 390, "percent_covered": 68.2051282051282, "percent_covered_display": "68", "missing_lines": 124, "excluded_lines": 0}, "missing_lines": [45, 46, 47, 61, 70, 81, 146, 147, 148, 149, 150, 151, 152, 153, 154, 176, 177, 178, 180, 183, 189, 193, 194, 195, 196, 197, 198, 203, 204, 205, 206, 235, 236, 237, 245, 258, 259, 261, 262, 263, 276, 277, 279, 280, 281, 294, 295, 297, 298, 299, 300, 301, 313, 314, 315, 316, 317, 318, 321, 324, 327, 330, 331, 332, 333, 334, 335, 336, 339, 342, 345, 346, 347, 350, 351, 352, 353, 354, 357, 358, 359, 360, 361, 364, 398, 404, 405, 406, 407, 427, 428, 429, 531, 532, 533, 534, 550, 558, 574, 587, 672, 673, 679, 685, 688, 691, 692, 693, 694, 695, 698, 699, 700, 701, 702, 703, 711, 712, 713, 714, 766, 775, 779, 794], "excluded_lines": []}, "src/noetherpy/group_theory/groups.py": {"executed_lines": [1, 5, 7, 8, 9, 10, 15, 17, 23, 24, 33, 34, 35, 36, 37, 40, 41, 42, 43, 44, 46, 51, 57, 58, 59, 60, 63, 69, 79, 82, 83, 84, 91, 93, 94, 96, 98, 111, 112, 113, 115, 120, 121, 123, 129, 138, 139, 140, 146, 147, 149, 150, 152, 153, 155, 158, 161, 164, 167, 168, 170, 171, 173, 174, 176, 177, 192, 194, 195, 197, 198, 199, 200, 201, 203, 204, 205, 207, 213, 214, 215, 217, 224, 226, 232, 234, 242, 253, 259, 260, 261, 262, 263, 264, 265, 266, 267, 268, 269, 271, 278, 279, 280, 282, 283, 285, 286, 287, 288, 290, 296, 297, 298, 299, 300, 301, 302, 303, 304, 305, 306, 307, 309, 310, 312, 313, 314, 317, 328, 329, 336, 345, 346, 358, 359, 361, 362, 363, 364, 366, 381, 384, 385, 387, 389, 390, 392, 393, 394, 395, 396, 397, 398, 400, 402, 432, 433, 441, 442, 448, 451, 452, 455, 456, 463, 464, 465, 466, 467, 470, 472, 479, 483, 490, 491, 492, 494, 496, 499, 500, 504, 505, 509, 512, 513, 515, 519, 528, 546, 564, 570, 571, 572, 573, 574, 575, 576, 578, 579, 581, 582, 583, 584, 587, 588, 593, 594, 595, 598, 600, 603, 604, 606, 609, 610, 612, 615, 618, 621, 622, 624, 626, 629, 630, 641, 644, 646, 656, 657, 664, 665], "summary": {"covered_lines": 226, "num_statements": 313, "percent_covered": 72.20447284345047, "percent_covered_display": "72", "missing_lines": 87, "excluded_lines": 0}, "missing_lines": [48, 49, 61, 64, 65, 66, 67, 95, 114, 124, 127, 141, 144, 156, 159, 162, 165, 193, 240, 251, 315, 322, 323, 324, 325, 326, 331, 332, 333, 334, 354, 382, 411, 412, 413, 414, 415, 417, 418, 419, 420, 421, 422, 423, 425, 426, 427, 428, 430, 435, 436, 437, 438, 493, 497, 510, 514, 520, 521, 522, 523, 524, 525, 526, 542, 543, 544, 560, 561, 562, 601, 607, 613, 616, 619, 623, 627, 649, 650, 651, 652, 653, 654, 659, 660, 661, 662], "excluded_lines": []}, "src/noetherpy/group_theory/homomorphisms.py": {"executed_lines": [1, 6, 7, 8, 9, 11, 15, 21, 28, 35, 36, 44, 50, 51, 52, 53, 56, 57, 58, 59, 61, 67, 78, 91, 98, 107, 116, 120, 127, 133, 140, 146, 150, 164, 166, 183, 192, 193, 228, 229, 247, 252, 255, 256, 259, 260, 262, 263, 265, 266, 267, 268, 270, 276, 277, 279, 280, 282, 283, 284, 287, 293, 312, 313, 314, 319, 321, 322, 324, 325, 326, 328, 338, 343, 346, 347, 349, 350, 351, 354, 355, 357, 371, 390, 399, 404, 405, 421, 429, 430, 437, 449, 450, 457, 458, 462, 463, 467, 472, 475, 478, 481, 484, 487, 490, 493], "summary": {"covered_lines": 102, "num_statements": 250, "percent_covered": 40.8, "percent_covered_display": "41", "missing_lines": 148, "excluded_lines": 0}, "missing_lines": [22, 23, 25, 29, 30, 32, 62, 63, 64, 65, 68, 69, 70, 71, 72, 73, 74, 79, 80, 83, 84, 85, 86, 87, 92, 93, 94, 99, 100, 101, 102, 103, 108, 109, 110, 111, 112, 117, 118, 121, 122, 123, 124, 125, 170, 172, 173, 174, 181, 184, 185, 186, 187, 188, 189, 190, 211, 212, 216, 217, 218, 226, 242, 243, 244, 245, 285, 294, 295, 296, 304, 344, 363, 364, 365, 368, 369, 372, 373, 374, 375, 376, 377, 378, 379, 384, 385, 386, 391, 392, 393, 394, 395, 400, 417, 418, 419, 422, 423, 424, 425, 426, 427, 432, 433, 434, 435, 438, 439, 440, 441, 443, 444, 445, 446, 447, 452, 453, 454, 455, 459, 468, 469, 470, 473, 476, 479, 482, 485, 488, 491, 507, 512, 516, 521, 522, 523, 524, 525, 526, 528, 529, 530, 531, 532, 537, 538, 539], "excluded_lines": []}, "src/noetherpy/group_theory/statistical_group_theory/__init__.py": {"executed_lines": [1, 3], "summary": {"covered_lines": 1, "num_statements": 1, "percent_covered": 100.0, "percent_covered_display": "100", "missing_lines": 0, "excluded_lines": 0}, "missing_lines": [], "excluded_lines": []}, "src/noetherpy/group_theory/statistical_group_theory/invariants.py": {"executed_lines": [1, 3, 7, 8, 9, 13, 19, 31, 47, 67, 87, 113, 139], "summary": {"covered_lines": 12, "num_statements": 29, "percent_covered": 41.37931034482759, "percent_covered_display": "41", "missing_lines": 17, "excluded_lines": 0}, "missing_lines": [28, 40, 41, 44, 58, 59, 78, 79, 99, 100, 101, 125, 126, 127, 151, 152, 153], "excluded_lines": []}, "src/noetherpy/ring_theory/__init__.py": {"executed_lines": [1, 3, 4], "summary": {"covered_lines": 2, "num_statements": 2, "percent_covered": 100.0, "percent_covered_display": "100", "missing_lines": 0, "excluded_lines": 0}, "missing_lines": [], "excluded_lines": []}, "src/noetherpy/ring_theory/ring_elements.py": {"executed_lines": [1, 3, 4, 5, 7, 9, 12, 13, 15, 16, 19, 20, 23, 24, 29, 30, 35, 36, 41, 42, 44, 49, 52, 55, 58, 61, 64, 67, 71, 72, 74, 78, 81, 84, 87, 92, 97, 102, 109, 112, 115, 125, 128, 136, 139, 142], "summary": {"covered_lines": 42, "num_statements": 85, "percent_covered": 49.411764705882355, "percent_covered_display": "49", "missing_lines": 43, "excluded_lines": 0}, "missing_lines": [45, 46, 47, 50, 53, 56, 59, 62, 65, 68, 75, 76, 79, 82, 85, 88, 93, 94, 95, 98, 99, 100, 103, 104, 105, 106, 107, 110, 113, 116, 117, 122, 123, 126, 129, 130, 131, 132, 133, 134, 137, 140, 143], "excluded_lines": []}, "src/noetherpy/ring_theory/rings.py": {"executed_lines": [1, 5, 7, 8, 14, 15, 24, 30, 36, 39, 42, 45, 48, 51, 54, 57, 60, 63, 66, 78, 90], "summary": {"covered_lines": 19, "num_statements": 48, "percent_covered": 39.583333333333336, "percent_covered_display": "40", "missing_lines": 29, "excluded_lines": 0}, "missing_lines": [25, 26, 27, 28, 31, 32, 33, 34, 37, 40, 43, 46, 49, 52, 55, 58, 61, 64, 72, 73, 74, 75, 76, 84, 85, 86, 87, 88, 96], "excluded_lines": []}}, "totals": {"covered_lines": 957, "num_statements": 1645, "percent_covered": 58.17629179331307, "percent_covered_display": "58", "missing_lines": 688, "excluded_lines": 0}}